0 info it worked if it ends with ok
1 verbose cli [ '/usr/bin/nodejs',
1 verbose cli   '/usr/bin/npm',
1 verbose cli   'install',
1 verbose cli   'npm@latest',
1 verbose cli   '-g' ]
2 info using npm@1.3.10
3 info using node@v0.10.25
4 verbose cache add [ 'npm@latest', null ]
5 verbose cache add name=undefined spec="npm@latest" args=["npm@latest",null]
6 verbose parsed url { protocol: null,
6 verbose parsed url   slashes: null,
6 verbose parsed url   auth: null,
6 verbose parsed url   host: null,
6 verbose parsed url   port: null,
6 verbose parsed url   hostname: null,
6 verbose parsed url   hash: null,
6 verbose parsed url   search: null,
6 verbose parsed url   query: null,
6 verbose parsed url   pathname: 'npm@latest',
6 verbose parsed url   path: 'npm@latest',
6 verbose parsed url   href: 'npm@latest' }
7 verbose cache add name="npm" spec="latest" args=["npm","latest"]
8 verbose parsed url { protocol: null,
8 verbose parsed url   slashes: null,
8 verbose parsed url   auth: null,
8 verbose parsed url   host: null,
8 verbose parsed url   port: null,
8 verbose parsed url   hostname: null,
8 verbose parsed url   hash: null,
8 verbose parsed url   search: null,
8 verbose parsed url   query: null,
8 verbose parsed url   pathname: 'latest',
8 verbose parsed url   path: 'latest',
8 verbose parsed url   href: 'latest' }
9 verbose addNamed [ 'npm', 'latest' ]
10 verbose addNamed [ null, null ]
11 silly lockFile 588f5fcc-npm-latest npm@latest
12 verbose lock npm@latest /home/ubuntu/.npm/588f5fcc-npm-latest.lock
13 info addNameTag [ 'npm', 'latest' ]
14 verbose url raw npm
15 verbose url resolving [ 'https://registry.npmjs.org/', './npm' ]
16 verbose url resolved https://registry.npmjs.org/npm
17 info trying registry request attempt 1 at 12:47:38
18 http GET https://registry.npmjs.org/npm
19 http 200 https://registry.npmjs.org/npm
20 silly registry.get cb [ 200,
20 silly registry.get   { date: 'Mon, 08 Apr 2019 07:23:59 GMT',
20 silly registry.get     'content-type': 'application/json',
20 silly registry.get     'content-length': '8768475',
20 silly registry.get     connection: 'keep-alive',
20 silly registry.get     'set-cookie': [ '__cfduid=d158253bb85abbb50731c5c71e68cfe861554708239; expires=Tue, 07-Apr-20 07:23:59 GMT; path=/; domain=.registry.npmjs.org; HttpOnly' ],
20 silly registry.get     'cf-cache-status': 'HIT',
20 silly registry.get     'cache-control': 'max-age=300',
20 silly registry.get     'cf-ray': '4c427fc1d9b28a79-BOM',
20 silly registry.get     'accept-ranges': 'bytes',
20 silly registry.get     etag: '"f9a39a436e0bd7b6c1097cb47e09ff2e"',
20 silly registry.get     'expect-ct': 'max-age=604800, report-uri="https://report-uri.cloudflare.com/cdn-cgi/beacon/expect-ct"',
20 silly registry.get     'last-modified': 'Fri, 22 Mar 2019 12:47:10 GMT',
20 silly registry.get     vary: 'accept-encoding, accept',
20 silly registry.get     'x-amz-meta-rev': '2039-9b587745472c1d6d97ba88d8b6a963df',
20 silly registry.get     server: 'cloudflare' } ]
21 verbose addNamed [ 'npm', '6.9.0' ]
22 verbose addNamed [ '6.9.0', '6.9.0' ]
23 silly lockFile 626b1efd-npm-6-9-0 npm@6.9.0
24 verbose lock npm@6.9.0 /home/ubuntu/.npm/626b1efd-npm-6-9-0.lock
25 silly lockFile e1955b58-stry-npmjs-org-npm-npm-6-9-0-tgz https://registry.npmjs.org/npm/-/npm-6.9.0.tgz
26 verbose lock https://registry.npmjs.org/npm/-/npm-6.9.0.tgz /home/ubuntu/.npm/e1955b58-stry-npmjs-org-npm-npm-6-9-0-tgz.lock
27 verbose addRemoteTarball [ 'https://registry.npmjs.org/npm/-/npm-6.9.0.tgz',
27 verbose addRemoteTarball   '5296720486814a64a7fb082de00c4b5cfd11211f' ]
28 silly lockFile e1955b58-stry-npmjs-org-npm-npm-6-9-0-tgz https://registry.npmjs.org/npm/-/npm-6.9.0.tgz
29 silly lockFile e1955b58-stry-npmjs-org-npm-npm-6-9-0-tgz https://registry.npmjs.org/npm/-/npm-6.9.0.tgz
30 silly lockFile 626b1efd-npm-6-9-0 npm@6.9.0
31 silly lockFile 626b1efd-npm-6-9-0 npm@6.9.0
32 silly lockFile 588f5fcc-npm-latest npm@latest
33 silly lockFile 588f5fcc-npm-latest npm@latest
34 error Error: EACCES, mkdir '/home/ubuntu/tmp/npm-6060-EICP7qh0'
34 error  { [Error: EACCES, mkdir '/home/ubuntu/tmp/npm-6060-EICP7qh0']
34 error   errno: 3,
34 error   code: 'EACCES',
34 error   path: '/home/ubuntu/tmp/npm-6060-EICP7qh0' }
35 error Please try running this command again as root/Administrator.
36 error System Linux 3.19.0-30-generic
37 error command "/usr/bin/nodejs" "/usr/bin/npm" "install" "npm@latest" "-g"
38 error cwd /home/ubuntu/nodero
39 error node -v v0.10.25
40 error npm -v 1.3.10
41 error path /home/ubuntu/tmp/npm-6060-EICP7qh0
42 error code EACCES
43 error errno 3
44 error stack Error: EACCES, mkdir '/home/ubuntu/tmp/npm-6060-EICP7qh0'
45 verbose exit [ 3, true ]
